-------------------------------------------------------------------------------
Test set: service.command.imp.ListCommandTest
-------------------------------------------------------------------------------
<<<<<<< HEAD:TinkoffProject/bot/target/surefire-reports/com.tinkoff.project.AppTest.txt
<<<<<<< HEAD
Tests run: 1, Failures: 0, Errors: 0, Skipped: 0, Time elapsed: 0.084 sec
=======
Tests run: 1, Failures: 0, Errors: 0, Skipped: 0, Time elapsed: 0.11 sec
>>>>>>> main
=======
Tests run: 2, Failures: 0, Errors: 0, Skipped: 0, Time elapsed: 0.189 s - in service.command.imp.ListCommandTest
>>>>>>> hw5:TinkoffProject/bot/target/surefire-reports/service.command.imp.ListCommandTest.txt
